
 10:10:35:  
 10:10:35: 15-10-2014 
 10:10:22: 14024 
 10:10:22: 15-10-2014 
 10:10:12: 14024: 15-10-2014 
 10:10:02: 14025|15-10-2014 
 10:10:54: 14026|15-10-2014 
 10:10:17: 14027|15-10-2014 
 10:10:17: 14027|15-10-2014 
 10:10:05: 14028|15-10-2014 
 10:10:42: 14029|15-10-2014 
 10:10:43: 14029|15-10-2014 
 11:10:03: 14030|15-10-2014 
 11:10:03: 14030|15-10-2014 
 11:10:25: 14031|15-10-2014 
 11:10:25: 14031|15-10-2014 
 11:10:40: 14031|15-10-2014 
 11:10:40: 14031|15-10-2014 
 11:10:46: 14032|15-10-2014 
 11:10:46: 14032|15-10-2014 